<?xml version="1.0" encoding="UTF-8"?>
<!-- Generated by org.testng.reporters.JUnitReportReporter -->
<testsuite hostname="USER-20180602NR" name="cn.huida.page.login" tests="1" failures="0" timestamp="12 May 2020 12:00:26 GMT" time="50.745" errors="0">
  <testcase name="test" time="50.745" classname="cn.huida.page.login"/>
</testsuite> <!-- cn.huida.page.login -->
